{"total": {"lines":{"total":624,"covered":71,"skipped":0,"pct":11.38},"statements":{"total":656,"covered":71,"skipped":0,"pct":10.82},"functions":{"total":166,"covered":4,"skipped":0,"pct":2.41},"branches":{"total":155,"covered":0,"skipped":0,"pct":0}}
,"/Users/jossanymoura/Dev/projetos/appDeReceitas/sd-012-project-recipes-app/src/App.js": {"lines":{"total":3,"covered":2,"skipped":0,"pct":66.67},"functions":{"total":2,"covered":1,"skipped":0,"pct":50},"statements":{"total":3,"covered":2,"skipped":0,"pct":66.67},"branches":{"total":0,"covered":0,"skipped":0,"pct":100}}
,"/Users/jossanymoura/Dev/projetos/appDeReceitas/sd-012-project-recipes-app/src/renderWithRouter.js": {"lines":{"total":3,"covered":0,"skipped":0,"pct":0},"functions":{"total":1,"covered":0,"skipped":0,"pct":0},"statements":{"total":3,"covered":0,"skipped":0,"pct":0},"branches":{"total":0,"covered":0,"skipped":0,"pct":100}}
,"/Users/jossanymoura/Dev/projetos/appDeReceitas/sd-012-project-recipes-app/src/actions/actionsType.js": {"lines":{"total":7,"covered":7,"skipped":0,"pct":100},"functions":{"total":0,"covered":0,"skipped":0,"pct":100},"statements":{"total":7,"covered":7,"skipped":0,"pct":100},"branches":{"total":0,"covered":0,"skipped":0,"pct":100}}
,"/Users/jossanymoura/Dev/projetos/appDeReceitas/sd-012-project-recipes-app/src/components/ButtonDetails/ButtonDetails.js": {"lines":{"total":20,"covered":2,"skipped":0,"pct":10},"functions":{"total":4,"covered":0,"skipped":0,"pct":0},"statements":{"total":23,"covered":2,"skipped":0,"pct":8.7},"branches":{"total":11,"covered":0,"skipped":0,"pct":0}}
,"/Users/jossanymoura/Dev/projetos/appDeReceitas/sd-012-project-recipes-app/src/components/CardsList/CardsList.js": {"lines":{"total":15,"covered":2,"skipped":0,"pct":13.33},"functions":{"total":2,"covered":0,"skipped":0,"pct":0},"statements":{"total":15,"covered":2,"skipped":0,"pct":13.33},"branches":{"total":6,"covered":0,"skipped":0,"pct":0}}
,"/Users/jossanymoura/Dev/projetos/appDeReceitas/sd-012-project-recipes-app/src/components/FavoriteRecipe/FavoriteRecipe.js": {"lines":{"total":40,"covered":1,"skipped":0,"pct":2.5},"functions":{"total":12,"covered":0,"skipped":0,"pct":0},"statements":{"total":44,"covered":1,"skipped":0,"pct":2.27},"branches":{"total":4,"covered":0,"skipped":0,"pct":0}}
,"/Users/jossanymoura/Dev/projetos/appDeReceitas/sd-012-project-recipes-app/src/components/FavoriteRecipe/RenderRecipes.js": {"lines":{"total":8,"covered":2,"skipped":0,"pct":25},"functions":{"total":2,"covered":0,"skipped":0,"pct":0},"statements":{"total":8,"covered":2,"skipped":0,"pct":25},"branches":{"total":4,"covered":0,"skipped":0,"pct":0}}
,"/Users/jossanymoura/Dev/projetos/appDeReceitas/sd-012-project-recipes-app/src/components/FilterCategoriesButtons.js/CategoriesFilterButtons.js": {"lines":{"total":46,"covered":1,"skipped":0,"pct":2.17},"functions":{"total":8,"covered":0,"skipped":0,"pct":0},"statements":{"total":47,"covered":1,"skipped":0,"pct":2.13},"branches":{"total":10,"covered":0,"skipped":0,"pct":0}}
,"/Users/jossanymoura/Dev/projetos/appDeReceitas/sd-012-project-recipes-app/src/components/FooterMenu/FooterMenu.js": {"lines":{"total":2,"covered":2,"skipped":0,"pct":100},"functions":{"total":1,"covered":1,"skipped":0,"pct":100},"statements":{"total":2,"covered":2,"skipped":0,"pct":100},"branches":{"total":0,"covered":0,"skipped":0,"pct":100}}
,"/Users/jossanymoura/Dev/projetos/appDeReceitas/sd-012-project-recipes-app/src/components/HeaderDetails/HeaderDetails.js": {"lines":{"total":37,"covered":2,"skipped":0,"pct":5.41},"functions":{"total":7,"covered":0,"skipped":0,"pct":0},"statements":{"total":40,"covered":2,"skipped":0,"pct":5},"branches":{"total":12,"covered":0,"skipped":0,"pct":0}}
,"/Users/jossanymoura/Dev/projetos/appDeReceitas/sd-012-project-recipes-app/src/components/IngredientsDetails/IngredientsDetails.js": {"lines":{"total":5,"covered":2,"skipped":0,"pct":40},"functions":{"total":2,"covered":0,"skipped":0,"pct":0},"statements":{"total":5,"covered":2,"skipped":0,"pct":40},"branches":{"total":0,"covered":0,"skipped":0,"pct":100}}
,"/Users/jossanymoura/Dev/projetos/appDeReceitas/sd-012-project-recipes-app/src/components/InstructionsDetails/InstructionsDetails.js": {"lines":{"total":3,"covered":2,"skipped":0,"pct":66.67},"functions":{"total":1,"covered":0,"skipped":0,"pct":0},"statements":{"total":3,"covered":2,"skipped":0,"pct":66.67},"branches":{"total":0,"covered":0,"skipped":0,"pct":100}}
,"/Users/jossanymoura/Dev/projetos/appDeReceitas/sd-012-project-recipes-app/src/components/Recomentation/Recomendation.js": {"lines":{"total":10,"covered":2,"skipped":0,"pct":20},"functions":{"total":2,"covered":0,"skipped":0,"pct":0},"statements":{"total":11,"covered":2,"skipped":0,"pct":18.18},"branches":{"total":4,"covered":0,"skipped":0,"pct":0}}
,"/Users/jossanymoura/Dev/projetos/appDeReceitas/sd-012-project-recipes-app/src/components/SearchBar/SearchBar.js": {"lines":{"total":30,"covered":2,"skipped":0,"pct":6.67},"functions":{"total":6,"covered":0,"skipped":0,"pct":0},"statements":{"total":30,"covered":2,"skipped":0,"pct":6.67},"branches":{"total":12,"covered":0,"skipped":0,"pct":0}}
,"/Users/jossanymoura/Dev/projetos/appDeReceitas/sd-012-project-recipes-app/src/components/SearchBar/utils.js": {"lines":{"total":21,"covered":3,"skipped":0,"pct":14.29},"functions":{"total":3,"covered":0,"skipped":0,"pct":0},"statements":{"total":23,"covered":3,"skipped":0,"pct":13.04},"branches":{"total":14,"covered":0,"skipped":0,"pct":0}}
,"/Users/jossanymoura/Dev/projetos/appDeReceitas/sd-012-project-recipes-app/src/components/VideoDetails/VideoDetails.js": {"lines":{"total":4,"covered":2,"skipped":0,"pct":50},"functions":{"total":1,"covered":0,"skipped":0,"pct":0},"statements":{"total":4,"covered":2,"skipped":0,"pct":50},"branches":{"total":0,"covered":0,"skipped":0,"pct":100}}
,"/Users/jossanymoura/Dev/projetos/appDeReceitas/sd-012-project-recipes-app/src/components/header/Header.js": {"lines":{"total":6,"covered":2,"skipped":0,"pct":33.33},"functions":{"total":2,"covered":0,"skipped":0,"pct":0},"statements":{"total":6,"covered":2,"skipped":0,"pct":33.33},"branches":{"total":0,"covered":0,"skipped":0,"pct":100}}
,"/Users/jossanymoura/Dev/projetos/appDeReceitas/sd-012-project-recipes-app/src/components/header/HeaderWithoutSearch.js": {"lines":{"total":3,"covered":2,"skipped":0,"pct":66.67},"functions":{"total":1,"covered":0,"skipped":0,"pct":0},"statements":{"total":3,"covered":2,"skipped":0,"pct":66.67},"branches":{"total":0,"covered":0,"skipped":0,"pct":100}}
,"/Users/jossanymoura/Dev/projetos/appDeReceitas/sd-012-project-recipes-app/src/context/AppContext.js": {"lines":{"total":1,"covered":1,"skipped":0,"pct":100},"functions":{"total":0,"covered":0,"skipped":0,"pct":100},"statements":{"total":1,"covered":1,"skipped":0,"pct":100},"branches":{"total":0,"covered":0,"skipped":0,"pct":100}}
,"/Users/jossanymoura/Dev/projetos/appDeReceitas/sd-012-project-recipes-app/src/context/AppProvider.js": {"lines":{"total":5,"covered":5,"skipped":0,"pct":100},"functions":{"total":1,"covered":1,"skipped":0,"pct":100},"statements":{"total":5,"covered":5,"skipped":0,"pct":100},"branches":{"total":0,"covered":0,"skipped":0,"pct":100}}
,"/Users/jossanymoura/Dev/projetos/appDeReceitas/sd-012-project-recipes-app/src/pages/drinkDetails/DrinkDetails.js": {"lines":{"total":19,"covered":2,"skipped":0,"pct":10.53},"functions":{"total":9,"covered":0,"skipped":0,"pct":0},"statements":{"total":20,"covered":2,"skipped":0,"pct":10},"branches":{"total":2,"covered":0,"skipped":0,"pct":0}}
,"/Users/jossanymoura/Dev/projetos/appDeReceitas/sd-012-project-recipes-app/src/pages/drinkExplore/DrinkExplore.js": {"lines":{"total":2,"covered":0,"skipped":0,"pct":0},"functions":{"total":1,"covered":0,"skipped":0,"pct":0},"statements":{"total":2,"covered":0,"skipped":0,"pct":0},"branches":{"total":0,"covered":0,"skipped":0,"pct":100}}
,"/Users/jossanymoura/Dev/projetos/appDeReceitas/sd-012-project-recipes-app/src/pages/drinkProcess/DrinkProcess.js": {"lines":{"total":36,"covered":2,"skipped":0,"pct":5.56},"functions":{"total":10,"covered":0,"skipped":0,"pct":0},"statements":{"total":40,"covered":2,"skipped":0,"pct":5},"branches":{"total":10,"covered":0,"skipped":0,"pct":0}}
,"/Users/jossanymoura/Dev/projetos/appDeReceitas/sd-012-project-recipes-app/src/pages/drinkProcess/utils.js": {"lines":{"total":13,"covered":0,"skipped":0,"pct":0},"functions":{"total":6,"covered":0,"skipped":0,"pct":0},"statements":{"total":13,"covered":0,"skipped":0,"pct":0},"branches":{"total":4,"covered":0,"skipped":0,"pct":0}}
,"/Users/jossanymoura/Dev/projetos/appDeReceitas/sd-012-project-recipes-app/src/pages/drinks/Drinks.js": {"lines":{"total":22,"covered":1,"skipped":0,"pct":4.55},"functions":{"total":4,"covered":0,"skipped":0,"pct":0},"statements":{"total":24,"covered":1,"skipped":0,"pct":4.17},"branches":{"total":6,"covered":0,"skipped":0,"pct":0}}
,"/Users/jossanymoura/Dev/projetos/appDeReceitas/sd-012-project-recipes-app/src/pages/explore/Explore.js": {"lines":{"total":2,"covered":1,"skipped":0,"pct":50},"functions":{"total":1,"covered":0,"skipped":0,"pct":0},"statements":{"total":2,"covered":1,"skipped":0,"pct":50},"branches":{"total":0,"covered":0,"skipped":0,"pct":100}}
,"/Users/jossanymoura/Dev/projetos/appDeReceitas/sd-012-project-recipes-app/src/pages/exploreDrink/ExploreDrink.js": {"lines":{"total":13,"covered":1,"skipped":0,"pct":7.69},"functions":{"total":4,"covered":0,"skipped":0,"pct":0},"statements":{"total":13,"covered":1,"skipped":0,"pct":7.69},"branches":{"total":0,"covered":0,"skipped":0,"pct":100}}
,"/Users/jossanymoura/Dev/projetos/appDeReceitas/sd-012-project-recipes-app/src/pages/exploreDrinkIng/DrinkImage.js": {"lines":{"total":2,"covered":1,"skipped":0,"pct":50},"functions":{"total":1,"covered":0,"skipped":0,"pct":0},"statements":{"total":2,"covered":1,"skipped":0,"pct":50},"branches":{"total":0,"covered":0,"skipped":0,"pct":100}}
,"/Users/jossanymoura/Dev/projetos/appDeReceitas/sd-012-project-recipes-app/src/pages/exploreDrinkIng/ExploreDrinkIng.js": {"lines":{"total":25,"covered":1,"skipped":0,"pct":4},"functions":{"total":6,"covered":0,"skipped":0,"pct":0},"statements":{"total":26,"covered":1,"skipped":0,"pct":3.85},"branches":{"total":2,"covered":0,"skipped":0,"pct":0}}
,"/Users/jossanymoura/Dev/projetos/appDeReceitas/sd-012-project-recipes-app/src/pages/exploreFood/ExploreFood.js": {"lines":{"total":13,"covered":1,"skipped":0,"pct":7.69},"functions":{"total":4,"covered":0,"skipped":0,"pct":0},"statements":{"total":13,"covered":1,"skipped":0,"pct":7.69},"branches":{"total":0,"covered":0,"skipped":0,"pct":100}}
,"/Users/jossanymoura/Dev/projetos/appDeReceitas/sd-012-project-recipes-app/src/pages/exploreFoodArea/ExploreFoodArea.js": {"lines":{"total":30,"covered":1,"skipped":0,"pct":3.33},"functions":{"total":7,"covered":0,"skipped":0,"pct":0},"statements":{"total":30,"covered":1,"skipped":0,"pct":3.33},"branches":{"total":8,"covered":0,"skipped":0,"pct":0}}
,"/Users/jossanymoura/Dev/projetos/appDeReceitas/sd-012-project-recipes-app/src/pages/exploreFoodIng/ExploreFoodIng.js": {"lines":{"total":25,"covered":1,"skipped":0,"pct":4},"functions":{"total":6,"covered":0,"skipped":0,"pct":0},"statements":{"total":26,"covered":1,"skipped":0,"pct":3.85},"branches":{"total":2,"covered":0,"skipped":0,"pct":0}}
,"/Users/jossanymoura/Dev/projetos/appDeReceitas/sd-012-project-recipes-app/src/pages/exploreFoodIng/foodImage.js": {"lines":{"total":2,"covered":1,"skipped":0,"pct":50},"functions":{"total":1,"covered":0,"skipped":0,"pct":0},"statements":{"total":2,"covered":1,"skipped":0,"pct":50},"branches":{"total":0,"covered":0,"skipped":0,"pct":100}}
,"/Users/jossanymoura/Dev/projetos/appDeReceitas/sd-012-project-recipes-app/src/pages/favoriteRecipes/FavoriteRecipes.js": {"lines":{"total":2,"covered":1,"skipped":0,"pct":50},"functions":{"total":1,"covered":0,"skipped":0,"pct":0},"statements":{"total":2,"covered":1,"skipped":0,"pct":50},"branches":{"total":0,"covered":0,"skipped":0,"pct":100}}
,"/Users/jossanymoura/Dev/projetos/appDeReceitas/sd-012-project-recipes-app/src/pages/food/Food.js": {"lines":{"total":22,"covered":1,"skipped":0,"pct":4.55},"functions":{"total":4,"covered":0,"skipped":0,"pct":0},"statements":{"total":24,"covered":1,"skipped":0,"pct":4.17},"branches":{"total":6,"covered":0,"skipped":0,"pct":0}}
,"/Users/jossanymoura/Dev/projetos/appDeReceitas/sd-012-project-recipes-app/src/pages/foodDetails/FoodDetails.js": {"lines":{"total":19,"covered":2,"skipped":0,"pct":10.53},"functions":{"total":9,"covered":0,"skipped":0,"pct":0},"statements":{"total":20,"covered":2,"skipped":0,"pct":10},"branches":{"total":2,"covered":0,"skipped":0,"pct":0}}
,"/Users/jossanymoura/Dev/projetos/appDeReceitas/sd-012-project-recipes-app/src/pages/foodExplore/FoodExplore.js": {"lines":{"total":2,"covered":0,"skipped":0,"pct":0},"functions":{"total":1,"covered":0,"skipped":0,"pct":0},"statements":{"total":2,"covered":0,"skipped":0,"pct":0},"branches":{"total":0,"covered":0,"skipped":0,"pct":100}}
,"/Users/jossanymoura/Dev/projetos/appDeReceitas/sd-012-project-recipes-app/src/pages/foodProcess/FoodProcess.js": {"lines":{"total":36,"covered":2,"skipped":0,"pct":5.56},"functions":{"total":10,"covered":0,"skipped":0,"pct":0},"statements":{"total":40,"covered":2,"skipped":0,"pct":5},"branches":{"total":10,"covered":0,"skipped":0,"pct":0}}
,"/Users/jossanymoura/Dev/projetos/appDeReceitas/sd-012-project-recipes-app/src/pages/foodProcess/RecipeFinishBtn.js": {"lines":{"total":8,"covered":2,"skipped":0,"pct":25},"functions":{"total":2,"covered":0,"skipped":0,"pct":0},"statements":{"total":9,"covered":2,"skipped":0,"pct":22.22},"branches":{"total":2,"covered":0,"skipped":0,"pct":0}}
,"/Users/jossanymoura/Dev/projetos/appDeReceitas/sd-012-project-recipes-app/src/pages/foodProcess/utils.js": {"lines":{"total":18,"covered":0,"skipped":0,"pct":0},"functions":{"total":8,"covered":0,"skipped":0,"pct":0},"statements":{"total":19,"covered":0,"skipped":0,"pct":0},"branches":{"total":8,"covered":0,"skipped":0,"pct":0}}
,"/Users/jossanymoura/Dev/projetos/appDeReceitas/sd-012-project-recipes-app/src/pages/loginPage/LoginPage.js": {"lines":{"total":14,"covered":1,"skipped":0,"pct":7.14},"functions":{"total":5,"covered":0,"skipped":0,"pct":0},"statements":{"total":14,"covered":1,"skipped":0,"pct":7.14},"branches":{"total":0,"covered":0,"skipped":0,"pct":100}}
,"/Users/jossanymoura/Dev/projetos/appDeReceitas/sd-012-project-recipes-app/src/pages/profile/Profile.js": {"lines":{"total":11,"covered":1,"skipped":0,"pct":9.09},"functions":{"total":4,"covered":0,"skipped":0,"pct":0},"statements":{"total":11,"covered":1,"skipped":0,"pct":9.09},"branches":{"total":6,"covered":0,"skipped":0,"pct":0}}
,"/Users/jossanymoura/Dev/projetos/appDeReceitas/sd-012-project-recipes-app/src/pages/recipesMade/RecipesMade.js": {"lines":{"total":2,"covered":1,"skipped":0,"pct":50},"functions":{"total":1,"covered":0,"skipped":0,"pct":0},"statements":{"total":2,"covered":1,"skipped":0,"pct":50},"branches":{"total":0,"covered":0,"skipped":0,"pct":100}}
,"/Users/jossanymoura/Dev/projetos/appDeReceitas/sd-012-project-recipes-app/src/reducers/inProcess.js": {"lines":{"total":6,"covered":0,"skipped":0,"pct":0},"functions":{"total":1,"covered":0,"skipped":0,"pct":0},"statements":{"total":6,"covered":0,"skipped":0,"pct":0},"branches":{"total":4,"covered":0,"skipped":0,"pct":0}}
,"/Users/jossanymoura/Dev/projetos/appDeReceitas/sd-012-project-recipes-app/src/reducers/items.js": {"lines":{"total":8,"covered":0,"skipped":0,"pct":0},"functions":{"total":1,"covered":0,"skipped":0,"pct":0},"statements":{"total":8,"covered":0,"skipped":0,"pct":0},"branches":{"total":6,"covered":0,"skipped":0,"pct":0}}
,"/Users/jossanymoura/Dev/projetos/appDeReceitas/sd-012-project-recipes-app/src/tests/renderWithRouter.js": {"lines":{"total":3,"covered":3,"skipped":0,"pct":100},"functions":{"total":1,"covered":1,"skipped":0,"pct":100},"statements":{"total":3,"covered":3,"skipped":0,"pct":100},"branches":{"total":0,"covered":0,"skipped":0,"pct":100}}
}
